<?xml version="1.0" encoding="UTF-8" ?>
<testsuite tests="4" failures="0" name="com.yq.goabatis.SqlSessionFactoryTest" time="2.258" errors="0" skipped="0">
  <properties>
[...]
</properties>
  <testcase classname="com.yq.goabatis.SqlSessionFactoryTest" name="testBuild" time="0.112"/>
  <testcase classname="com.yq.goabatis.SqlSessionFactoryTest" name="testSelectOne" time="0.717"/>
  <testcase classname="com.yq.goabatis.SqlSessionFactoryTest" name="test" time="0"/>
  <testcase classname="com.yq.goabatis.SqlSessionFactoryTest" name="testInsert" time="1.429"/>
</testsuite>